[2025-02-20T14:13:31.419Z] [INFO] 🛠 Starting AC extraction for projects: CRM on boards: 1
[2025-02-20T14:13:31.421Z] [INFO] 🔍 Dry Run Mode: Disabled
[2025-02-20T14:13:31.421Z] [INFO] 🔍 Fetching issues for Board: 1
[2025-02-20T14:13:31.422Z] [DEBUG] 🧐 Fetching Board Details from: https://nicholaswilcox.atlassian.net/rest/agile/1.0/board/1
[2025-02-20T14:13:32.184Z] [DEBUG] ✅ Board API Response: {
  "id": 1,
  "self": "https://nicholaswilcox.atlassian.net/rest/agile/1.0/board/1",
  "name": "CRM board",
  "type": "simple",
  "location": {
    "projectId": 10000,
    "displayName": "BDD Importer (CRM)",
    "projectName": "BDD Importer",
    "projectKey": "CRM",
    "projectTypeKey": "software",
    "avatarURI": "https://nicholaswilcox.atlassian.net/rest/api/2/universal_avatar/view/type/project/avatar/10401?size=small",
    "name": "BDD Importer (CRM)"
  },
  "isPrivate": false
}
[2025-02-20T14:13:32.184Z] [INFO] 📌 Board 1 detected as SIMPLE
[2025-02-20T14:13:32.184Z] [DEBUG] 🧐 Fetching Issues from Kanban Board: https://nicholaswilcox.atlassian.net/rest/agile/1.0/board/1/issue
[2025-02-20T14:13:33.102Z] [DEBUG] ✅ Issues API Response: {
  "expand": "schema,names",
  "startAt": 0,
  "maxResults": 50,
  "total": 6,
  "issues": [
    {
      "expand": "operations,versionedRepresentations,editmeta,changelog,renderedFields",
      "id": "10000",
      "self": "https://nicholaswilcox.atlassian.net/rest/agile/1.0/issue/10000",
      "key": "CRM-2",
      "fields": {
        "statuscategorychangedate": "2025-02-17T17:58:45.327-0800",
        "issuetype": {
          "self": "https://nicholaswilcox.atlassian.net/rest/api/2/issuetype/10002",
          "id": "10002",
          "description": "Epics track collections of related bugs, stories, and tasks.",
          "iconUrl": "https://nicholaswilcox.atlassian.net/rest/api/2/universal_avatar/view/type/issuetype/avatar/10307?size=medium",
          "name": "Epic",
          "subtask": false,
          "avatarId": 10307,
          "entityId": "ee4aae06-6f44-4dbd-a868-7d306b4e80ab",
          "hierarchyLevel": 1
        },
        "timespent": null,
        "sprint": null,
        "customfield_10030": null,
        "project": {
          "self": "https://nicholaswilcox.atlassian.net/rest/api/2/project/10000",
          "id": "10000",
          "key": "CRM",
          "name": "BDD Importer",
          "projectTypeKey": "software",
          "simplified": true,
          "avatarUrls": {
            "48x48": "https://nicholaswilcox.atlassian.net/rest/api/2/universal_avatar/view/type/project/avatar/10401",
            "24x24": "https://nicholaswilcox.atlassian.net/rest/api/2/universal_avatar/view/type/project/avatar/10401?size=small",
            "16x16": "https://nicholaswilcox.atlassian.net/rest/api/2/universal_avatar/view/type/project/avatar/10401?size=xsmall",
            "32x32": "https://nicholaswilcox.atlassian.net/rest/api/2/universal_avatar/view/type/project/avatar/10401?size=medium"
          }
        },
        "customfield_10031": null,
        "fixVersions": [],
        "customfield_10034": null,
        "aggregatetimespent": null,
        "resolution": null,
        "customfield_10035": null,
        "customfield_10036": null,
        "customfield_10027": null,
        "customfield_10028": null,
        "customfield_10029": null,
        "resolutiondate": null,
        "workratio": -1,
        "issuerestriction": {
          "issuerestrictions": {},
          "shouldDisplay": true
        },
        "lastViewed": null,
        "watches": {
          "self": "https://nicholaswilcox.atlassian.net/rest/api/2/issue/CRM-2/watchers",
          "watchCount": 1,
          "isWatching": true
        },
        "created": "2025-02-17T17:58:44.985-0800",
        "customfield_10020": null,
        "customfield_10021": null,
        "epic": null,
        "customfield_10022": null,
        "priority": {
          "self": "https://nicholaswilcox.atlassian.net/rest/api/2/priority/3",
          "iconUrl": "https://nicholaswilcox.atlassian.net/images/icons/priorities/medium.svg",
          "name": "Medium",
          "id": "3"
        },
        "customfield_10023": null,
        "customfield_10024": null,
        "customfield_10025": null,
        "customfield_10026": null,
        "labels": [],
        "customfield_10016": null,
        "customfield_10017": null,
        "customfield_10018": {
          "hasEpicLinkFieldDependency": false,
          "showField": false,
          "nonEditableReason": {
            "reason": "EPIC_LINK_SHOULD_BE_USED",
            "message": "To set an epic as the parent, use the epic link instead"
          }
        },
        "customfield_10019": "0|hzzzzz:",
        "timeestimate": null,
        "aggregatetimeoriginalestimate": null,
        "versions": [],
        "issuelinks": [],
        "assignee": null,
        "updated": "2025-02-17T17:58:45.110-0800",
        "status": {
          "self": "https://nicholaswilcox.atlassian.net/rest/api/2/status/10000",
          "description": "",
          "iconUrl": "https://nicholaswilcox.atlassian.net/",
          "name": "To Do",
          "id": "10000",
          "statusCategory": {
            "self": "https://nicholaswilcox.atlassian.net/rest/api/2/statuscategory/2",
            "id": 2,
            "key": "new",
            "colorName": "blue-gray",
            "name": "To Do"
          }
        },
        "components": [],
        "timeoriginalestimate": null,
        "description": "Manage user accounts and permissions within the CRM system.",
        "customfield_10010": null,
        "customfield_10014": null,
        "timetracking": {},
        "customfield_10015": null,
        "customfield_10005": null,
        "customfield_10006": null,
        "security": null,
        "customfield_10007": null,
        "customfield_10008": null,
        "customfield_10009": null,
        "aggregatetimeestimate": null,
        "attachment": [],
        "flagged": false,
        "summary": "(Sample) User Management",
        "creator": {
          "self": "https://nicholaswilcox.atlassian.net/rest/api/2/user?accountId=5bd3444a653a520f925aa5ca",
          "accountId": "5bd3444a653a520f925aa5ca",
          "emailAddress": "nicholas.wilcox@gmail.com",
          "avatarUrls": {
            "48x48": "https://secure.gravatar.com/avatar/5d2bc57dd5c37afc0927a13134457bc0?d=https%3A%2F%2Favatar-management--avatars.us-west-2.prod.public.atl-paas.net%2Finitials%2FNW-2.png",
            "24x24": "https://secure.gravatar.com/avatar/5d2bc57dd5c37afc0927a13134457bc0?d=https%3A%2F%2Favatar-management--avatars.us-west-2.prod.public.atl-paas.net%2Finitials%2FNW-2.png",
            "16x16": "https://secure.gravatar.com/avatar/5d2bc57dd5c37afc0927a13134457bc0?d=https%3A%2F%2Favatar-management--avatars.us-west-2.prod.public.atl-paas.net%2Finitials%2FNW-2.png",
            "32x32": "https://secure.gravatar.com/avatar/5d2bc57dd5c37afc0927a13134457bc0?d=https%3A%2F%2Favatar-management--avatars.us-west-2.prod.public.atl-paas.net%2Finitials%2FNW-2.png"
          },
          "displayName": "Nicholas Wilcox",
          "active": true,
          "timeZone": "America/Los_Angeles",
          "accountType": "atlassian"
        },
        "subtasks": [],
        "reporter": {
          "self": "https://nicholaswilcox.atlassian.net/rest/api/2/user?accountId=5bd3444a653a520f925aa5ca",
          "accountId": "5bd3444a653a520f925aa5ca",
          "emailAddress": "nicholas.wilcox@gmail.com",
          "avatarUrls": {
            "48x48": "https://secure.gravatar.com/avatar/5d2bc57dd5c37afc0927a13134457bc0?d=https%3A%2F%2Favatar-management--avatars.us-west-2.prod.public.atl-paas.net%2Finitials%2FNW-2.png",
            "24x24": "https://secure.gravatar.com/avatar/5d2bc57dd5c37afc0927a13134457bc0?d=https%3A%2F%2Favatar-management--avatars.us-west-2.prod.public.atl-paas.net%2Finitials%2FNW-2.png",
            "16x16": "https://secure.gravatar.com/avatar/5d2bc57dd5c37afc0927a13134457bc0?d=https%3A%2F%2Favatar-management--avatars.us-west-2.prod.public.atl-paas.net%2Finitials%2FNW-2.png",
            "32x32": "https://secure.gravatar.com/avatar/5d2bc57dd5c37afc0927a13134457bc0?d=https%3A%2F%2Favatar-management--avatars.us-west-2.prod.public.atl-paas.net%2Finitials%2FNW-2.png"
          },
          "displayName": "Nicholas Wilcox",
          "active": true,
          "timeZone": "America/Los_Angeles",
          "accountType": "atlassian"
        },
        "aggregateprogress": {
          "progress": 0,
          "total": 0
        },
        "customfield_10001": null,
        "customfield_10002": [],
        "customfield_10003": null,
        "customfield_10004": null,
        "environment": null,
        "duedate": "2025-02-25",
        "progress": {
          "progress": 0,
          "total": 0
        },
        "comment": {
          "comments": [],
          "self": "https://nicholaswilcox.atlassian.net/rest/api/2/issue/10000/comment",
          "maxResults": 0,
          "total": 0,
          "startAt": 0
        },
        "votes": {
          "self": "https://nicholaswilcox.atlassian.net/rest/api/2/issue/CRM-2/votes",
          "votes": 0,
          "hasVoted": false
        },
        "worklog": {
          "startAt": 0,
          "maxResults": 20,
          "total": 0,
          "worklogs": []
        }
      }
    },
    {
      "expand": "operations,versionedRepresentations,editmeta,changelog,renderedFields",
      "id": "10001",
      "self": "https://nicholaswilcox.atlassian.net/rest/agile/1.0/issue/10001",
      "key": "CRM-1",
      "fields": {
        "statuscategorychangedate": "2025-02-17T17:58:45.341-0800",
        "issuetype": {
          "self": "https://nicholaswilcox.atlassian.net/rest/api/2/issuetype/10002",
          "id": "10002",
          "description": "Epics track collections of related bugs, stories, and tasks.",
          "iconUrl": "https://nicholaswilcox.atlassian.net/rest/api/2/universal_avatar/view/type/issuetype/avatar/10307?size=medium",
          "name": "Epic",
          "subtask": false,
          "avatarId": 10307,
          "entityId": "ee4aae06-6f44-4dbd-a868-7d306b4e80ab",
          "hierarchyLevel": 1
        },
        "timespent": null,
        "sprint": null,
        "customfield_10030": null,
        "project": {
          "self": "https://nicholaswilcox.atlassian.net/rest/api/2/project/10000",
          "id": "10000",
          "key": "CRM",
          "name": "BDD Importer",
          "projectTypeKey": "software",
          "simplified": true,
          "avatarUrls": {
            "48x48": "https://nicholaswilcox.atlassian.net/rest/api/2/universal_avatar/view/type/project/avatar/10401",
            "24x24": "https://nicholaswilcox.atlassian.net/rest/api/2/universal_avatar/view/type/project/avatar/10401?size=small",
            "16x16": "https://nicholaswilcox.atlassian.net/rest/api/2/universal_avatar/view/type/project/avatar/10401?size=xsmall",
            "32x32": "https://nicholaswilcox.atlassian.net/rest/api/2/universal_avatar/view/type/project/avatar/10401?size=medium"
          }
        },
        "customfield_10031": null,
        "fixVersions": [],
        "customfield_10034": null,
        "aggregatetimespent": null,
        "resolution": null,
        "customfield_10035": null,
        "customfield_10036": null,
        "customfield_10027": null,
        "customfield_10028": null,
        "customfield_10029": null,
        "resolutiondate": null,
        "workratio": -1,
        "lastViewed": "2025-02-17T18:21:08.052-0800",
        "issuerestriction": {
          "issuerestrictions": {},
          "shouldDisplay": true
        },
        "watches": {
          "self": "https://nicholaswilcox.atlassian.net/rest/api/2/issue/CRM-1/watchers",
          "watchCount": 1,
          "isWatching": true
        },
        "created": "2025-02-17T17:58:44.985-0800",
        "customfield_10020": null,
        "customfield_10021": null,
        "epic": null,
        "customfield_10022": null,
        "priority": {
          "self": "https://nicholaswilcox.atlassian.net/rest/api/2/priority/3",
          "iconUrl": "https://nicholaswilcox.atlassian.net/images/icons/priorities/medium.svg",
          "name": "Medium",
          "id": "3"
        },
        "customfield_10023": null,
        "customfield_10024": null,
        "customfield_10025": null,
        "customfield_10026": null,
        "labels": [],
        "customfield_10016": null,
        "customfield_10017": null,
        "customfield_10018": {
          "hasEpicLinkFieldDependency": false,
          "showField": false,
          "nonEditableReason": {
            "reason": "EPIC_LINK_SHOULD_BE_USED",
            "message": "To set an epic as the parent, use the epic link instead"
          }
        },
        "customfield_10019": "0|hzzzzz:",
        "timeestimate": null,
        "aggregatetimeoriginalestimate": null,
        "versions": [],
        "issuelinks": [],
        "assignee": null,
        "updated": "2025-02-17T17:58:45.111-0800",
        "status": {
          "self": "https://nicholaswilcox.atlassian.net/rest/api/2/status/10000",
          "description": "",
          "iconUrl": "https://nicholaswilcox.atlassian.net/",
          "name": "To Do",
          "id": "10000",
          "statusCategory": {
            "self": "https://nicholaswilcox.atlassian.net/rest/api/2/statuscategory/2",
            "id": 2,
            "key": "new",
            "colorName": "blue-gray",
            "name": "To Do"
          }
        },
        "components": [],
        "timeoriginalestimate": null,
        "description": "Track and manage customer interactions and communications.",
        "customfield_10010": null,
        "customfield_10014": null,
        "timetracking": {},
        "customfield_10015": null,
        "customfield_10005": null,
        "customfield_10006": null,
        "security": null,
        "customfield_10007": null,
        "customfield_10008": null,
        "customfield_10009": null,
        "aggregatetimeestimate": null,
        "attachment": [],
        "flagged": false,
        "summary": "(Sample) Customer Interaction Tracking",
        "creator": {
          "self": "https://nicholaswilcox.atlassian.net/rest/api/2/user?accountId=5bd3444a653a520f925aa5ca",
          "accountId": "5bd3444a653a520f925aa5ca",
          "emailAddress": "nicholas.wilcox@gmail.com",
          "avatarUrls": {
            "48x48": "https://secure.gravatar.com/avatar/5d2bc57dd5c37afc0927a13134457bc0?d=https%3A%2F%2Favatar-management--avatars.us-west-2.prod.public.atl-paas.net%2Finitials%2FNW-2.png",
            "24x24": "https://secure.gravatar.com/avatar/5d2bc57dd5c37afc0927a13134457bc0?d=https%3A%2F%2Favatar-management--avatars.us-west-2.prod.public.atl-paas.net%2Finitials%2FNW-2.png",
            "16x16": "https://secure.gravatar.com/avatar/5d2bc57dd5c37afc0927a13134457bc0?d=https%3A%2F%2Favatar-management--avatars.us-west-2.prod.public.atl-paas.net%2Finitials%2FNW-2.png",
            "32x32": "https://secure.gravatar.com/avatar/5d2bc57dd5c37afc0927a13134457bc0?d=https%3A%2F%2Favatar-management--avatars.us-west-2.prod.public.atl-paas.net%2Finitials%2FNW-2.png"
          },
          "displayName": "Nicholas Wilcox",
          "active": true,
          "timeZone": "America/Los_Angeles",
          "accountType": "atlassian"
        },
        "subtasks": [],
        "reporter": {
          "self": "https://nicholaswilcox.atlassian.net/rest/api/2/user?accountId=5bd3444a653a520f925aa5ca",
          "accountId": "5bd3444a653a520f925aa5ca",
          "emailAddress": "nicholas.wilcox@gmail.com",
          "avatarUrls": {
            "48x48": "https://secure.gravatar.com/avatar/5d2bc57dd5c37afc0927a13134457bc0?d=https%3A%2F%2Favatar-management--avatars.us-west-2.prod.public.atl-paas.net%2Finitials%2FNW-2.png",
            "24x24": "https://secure.gravatar.com/avatar/5d2bc57dd5c37afc0927a13134457bc0?d=https%3A%2F%2Favatar-management--avatars.us-west-2.prod.public.atl-paas.net%2Finitials%2FNW-2.png",
            "16x16": "https://secure.gravatar.com/avatar/5d2bc57dd5c37afc0927a13134457bc0?d=https%3A%2F%2Favatar-management--avatars.us-west-2.prod.public.atl-paas.net%2Finitials%2FNW-2.png",
            "32x32": "https://secure.gravatar.com/avatar/5d2bc57dd5c37afc0927a13134457bc0?d=https%3A%2F%2Favatar-management--avatars.us-west-2.prod.public.atl-paas.net%2Finitials%2FNW-2.png"
          },
          "displayName": "Nicholas Wilcox",
          "active": true,
          "timeZone": "America/Los_Angeles",
          "accountType": "atlassian"
        },
        "aggregateprogress": {
          "progress": 0,
          "total": 0
        },
        "customfield_10001": null,
        "customfield_10002": [],
        "customfield_10003": null,
        "customfield_10004": null,
        "environment": null,
        "duedate": "2025-03-04",
        "progress": {
          "progress": 0,
          "total": 0
        },
        "votes": {
          "self": "https://nicholaswilcox.atlassian.net/rest/api/2/issue/CRM-1/votes",
          "votes": 0,
          "hasVoted": false
        },
        "comment": {
          "comments": [],
          "self": "https://nicholaswilcox.atlassian.net/rest/api/2/issue/10001/comment",
          "maxResults": 0,
          "total": 0,
          "startAt": 0
        },
        "worklog": {
          "startAt": 0,
          "maxResults": 20,
          "total": 0,
          "worklogs": []
        }
      }
    },
    {
      "expand": "operations,versionedRepresentations,editmeta,changelog,renderedFields",
      "id": "10003",
      "self": "https://nicholaswilcox.atlassian.net/rest/agile/1.0/issue/10003",
      "key": "CRM-3",
      "fields": {
        "statuscategorychangedate": "2025-02-17T17:58:45.811-0800",
        "issuetype": {
          "self": "https://nicholaswilcox.atlassian.net/rest/api/2/issuetype/10001",
          "id": "10001",
          "description": "Tasks track small, distinct pieces of work.",
          "iconUrl": "https://nicholaswilcox.atlassian.net/rest/api/2/universal_avatar/view/type/issuetype/avatar/10318?size=medium",
          "name": "Task",
          "subtask": false,
          "avatarId": 10318,
          "entityId": "1a984bdc-4b31-4d89-a7ee-d7034fcde1c1",
          "hierarchyLevel": 0
        },
        "parent": {
          "id": "10000",
          "key": "CRM-2",
          "self": "https://nicholaswilcox.atlassian.net/rest/api/2/issue/10000",
          "fields": {
            "summary": "(Sample) User Management",
            "status": {
              "self": "https://nicholaswilcox.atlassian.net/rest/api/2/status/10000",
              "description": "",
              "iconUrl": "https://nicholaswilcox.atlassian.net/",
              "name": "To Do",
              "id": "10000",
              "statusCategory": {
                "self": "https://nicholaswilcox.atlassian.net/rest/api/2/statuscategory/2",
                "id": 2,
                "key": "new",
                "colorName": "blue-gray",
                "name": "To Do"
              }
            },
            "priority": {
              "self": "https://nicholaswilcox.atlassian.net/rest/api/2/priority/3",
              "iconUrl": "https://nicholaswilcox.atlassian.net/images/icons/priorities/medium.svg",
              "name": "Medium",
              "id": "3"
            },
            "issuetype": {
              "self": "https://nicholaswilcox.atlassian.net/rest/api/2/issuetype/10002",
              "id": "10002",
              "description": "Epics track collections of related bugs, stories, and tasks.",
              "iconUrl": "https://nicholaswilcox.atlassian.net/rest/api/2/universal_avatar/view/type/issuetype/avatar/10307?size=medium",
              "name": "Epic",
              "subtask": false,
              "avatarId": 10307,
              "entityId": "ee4aae06-6f44-4dbd-a868-7d306b4e80ab",
              "hierarchyLevel": 1
            }
          }
        },
        "timespent": null,
        "sprint": null,
        "customfield_10030": null,
        "project": {
          "self": "https://nicholaswilcox.atlassian.net/rest/api/2/project/10000",
          "id": "10000",
          "key": "CRM",
          "name": "BDD Importer",
          "projectTypeKey": "software",
          "simplified": true,
          "avatarUrls": {
            "48x48": "https://nicholaswilcox.atlassian.net/rest/api/2/universal_avatar/view/type/project/avatar/10401",
            "24x24": "https://nicholaswilcox.atlassian.net/rest/api/2/universal_avatar/view/type/project/avatar/10401?size=small",
            "16x16": "https://nicholaswilcox.atlassian.net/rest/api/2/universal_avatar/view/type/project/avatar/10401?size=xsmall",
            "32x32": "https://nicholaswilcox.atlassian.net/rest/api/2/universal_avatar/view/type/project/avatar/10401?size=medium"
          }
        },
        "customfield_10031": null,
        "fixVersions": [],
        "customfield_10034": null,
        "aggregatetimespent": null,
        "resolution": {
          "self": "https://nicholaswilcox.atlassian.net/rest/api/2/resolution/10000",
          "id": "10000",
          "description": "Work has been completed on this issue.",
          "name": "Done"
        },
        "customfield_10035": null,
        "customfield_10036": null,
        "customfield_10027": "10000_*:*_1_*:*_385_*|*_10002_*:*_1_*:*_0",
        "customfield_10028": null,
        "customfield_10029": null,
        "resolutiondate": "2025-02-17T17:58:45.806-0800",
        "workratio": -1,
        "issuerestriction": {
          "issuerestrictions": {},
          "shouldDisplay": true
        },
        "lastViewed": null,
        "watches": {
          "self": "https://nicholaswilcox.atlassian.net/rest/api/2/issue/CRM-3/watchers",
          "watchCount": 1,
          "isWatching": true
        },
        "created": "2025-02-17T17:58:45.426-0800",
        "customfield_10020": null,
        "customfield_10021": null,
        "epic": null,
        "customfield_10022": null,
        "priority": {
          "self": "https://nicholaswilcox.atlassian.net/rest/api/2/priority/3",
          "iconUrl": "https://nicholaswilcox.atlassian.net/images/icons/priorities/medium.svg",
          "name": "Medium",
          "id": "3"
        },
        "customfield_10023": null,
        "customfield_10024": null,
        "customfield_10025": null,
        "customfield_10026": null,
        "labels": [],
        "customfield_10016": null,
        "customfield_10017": null,
        "customfield_10018": {
          "hasEpicLinkFieldDependency": false,
          "showField": false,
          "nonEditableReason": {
            "reason": "EPIC_LINK_SHOULD_BE_USED",
            "message": "To set an epic as the parent, use the epic link instead"
          }
        },
        "customfield_10019": "0|i00007:",
        "timeestimate": null,
        "aggregatetimeoriginalestimate": null,
        "versions": [],
        "issuelinks": [],
        "assignee": null,
        "updated": "2025-02-17T17:58:45.811-0800",
        "status": {
          "self": "https://nicholaswilcox.atlassian.net/rest/api/2/status/10002",
          "description": "",
          "iconUrl": "https://nicholaswilcox.atlassian.net/",
          "name": "Done",
          "id": "10002",
          "statusCategory": {
            "self": "https://nicholaswilcox.atlassian.net/rest/api/2/statuscategory/3",
            "id": 3,
            "key": "done",
            "colorName": "green",
            "name": "Done"
          }
        },
        "components": [],
        "timeoriginalestimate": null,
        "description": "Implement user registration functionality.",
        "customfield_10010": null,
        "customfield_10014": null,
        "timetracking": {},
        "customfield_10015": null,
        "customfield_10005": null,
        "customfield_10006": null,
        "security": null,
        "customfield_10007": null,
        "customfield_10008": null,
        "customfield_10009": null,
        "aggregatetimeestimate": null,
        "attachment": [],
        "flagged": false,
        "summary": "(Sample) User Registration",
        "creator": {
          "self": "https://nicholaswilcox.atlassian.net/rest/api/2/user?accountId=5bd3444a653a520f925aa5ca",
          "accountId": "5bd3444a653a520f925aa5ca",
          "emailAddress": "nicholas.wilcox@gmail.com",
          "avatarUrls": {
            "48x48": "https://secure.gravatar.com/avatar/5d2bc57dd5c37afc0927a13134457bc0?d=https%3A%2F%2Favatar-management--avatars.us-west-2.prod.public.atl-paas.net%2Finitials%2FNW-2.png",
            "24x24": "https://secure.gravatar.com/avatar/5d2bc57dd5c37afc0927a13134457bc0?d=https%3A%2F%2Favatar-management--avatars.us-west-2.prod.public.atl-paas.net%2Finitials%2FNW-2.png",
            "16x16": "https://secure.gravatar.com/avatar/5d2bc57dd5c37afc0927a13134457bc0?d=https%3A%2F%2Favatar-management--avatars.us-west-2.prod.public.atl-paas.net%2Finitials%2FNW-2.png",
            "32x32": "https://secure.gravatar.com/avatar/5d2bc57dd5c37afc0927a13134457bc0?d=https%3A%2F%2Favatar-management--avatars.us-west-2.prod.public.atl-paas.net%2Finitials%2FNW-2.png"
          },
          "displayName": "Nicholas Wilcox",
          "active": true,
          "timeZone": "America/Los_Angeles",
          "accountType": "atlassian"
        },
        "subtasks": [],
        "reporter": {
          "self": "https://nicholaswilcox.atlassian.net/rest/api/2/user?accountId=5bd3444a653a520f925aa5ca",
          "accountId": "5bd3444a653a520f925aa5ca",
          "emailAddress": "nicholas.wilcox@gmail.com",
          "avatarUrls": {
            "48x48": "https://secure.gravatar.com/avatar/5d2bc57dd5c37afc0927a13134457bc0?d=https%3A%2F%2Favatar-management--avatars.us-west-2.prod.public.atl-paas.net%2Finitials%2FNW-2.png",
            "24x24": "https://secure.gravatar.com/avatar/5d2bc57dd5c37afc0927a13134457bc0?d=https%3A%2F%2Favatar-management--avatars.us-west-2.prod.public.atl-paas.net%2Finitials%2FNW-2.png",
            "16x16": "https://secure.gravatar.com/avatar/5d2bc57dd5c37afc0927a13134457bc0?d=https%3A%2F%2Favatar-management--avatars.us-west-2.prod.public.atl-paas.net%2Finitials%2FNW-2.png",
            "32x32": "https://secure.gravatar.com/avatar/5d2bc57dd5c37afc0927a13134457bc0?d=https%3A%2F%2Favatar-management--avatars.us-west-2.prod.public.atl-paas.net%2Finitials%2FNW-2.png"
          },
          "displayName": "Nicholas Wilcox",
          "active": true,
          "timeZone": "America/Los_Angeles",
          "accountType": "atlassian"
        },
        "aggregateprogress": {
          "progress": 0,
          "total": 0
        },
        "customfield_10001": null,
        "customfield_10002": [],
        "customfield_10003": null,
        "customfield_10004": null,
        "environment": null,
        "duedate": null,
        "progress": {
          "progress": 0,
          "total": 0
        },
        "comment": {
          "comments": [],
          "self": "https://nicholaswilcox.atlassian.net/rest/api/2/issue/10003/comment",
          "maxResults": 0,
          "total": 0,
          "startAt": 0
        },
        "votes": {
          "self": "https://nicholaswilcox.atlassian.net/rest/api/2/issue/CRM-3/votes",
          "votes": 0,
          "hasVoted": false
        },
        "worklog": {
          "startAt": 0,
          "maxResults": 20,
          "total": 0,
          "worklogs": []
        }
      }
    },
    {
      "expand": "operations,versionedRepresentations,editmeta,changelog,renderedFields",
      "id": "10002",
      "self": "https://nicholaswilcox.atlassian.net/rest/agile/1.0/issue/10002",
      "key": "CRM-4",
      "fields": {
        "statuscategorychangedate": "2025-02-17T17:58:45.821-0800",
        "issuetype": {
          "self": "https://nicholaswilcox.atlassian.net/rest/api/2/issuetype/10001",
          "id": "10001",
          "description": "Tasks track small, distinct pieces of work.",
          "iconUrl": "https://nicholaswilcox.atlassian.net/rest/api/2/universal_avatar/view/type/issuetype/avatar/10318?size=medium",
          "name": "Task",
          "subtask": false,
          "avatarId": 10318,
          "entityId": "1a984bdc-4b31-4d89-a7ee-d7034fcde1c1",
          "hierarchyLevel": 0
        },
        "parent": {
          "id": "10001",
          "key": "CRM-1",
          "self": "https://nicholaswilcox.atlassian.net/rest/api/2/issue/10001",
          "fields": {
            "summary": "(Sample) Customer Interaction Tracking",
            "status": {
              "self": "https://nicholaswilcox.atlassian.net/rest/api/2/status/10000",
              "description": "",
              "iconUrl": "https://nicholaswilcox.atlassian.net/",
              "name": "To Do",
              "id": "10000",
              "statusCategory": {
                "self": "https://nicholaswilcox.atlassian.net/rest/api/2/statuscategory/2",
                "id": 2,
                "key": "new",
                "colorName": "blue-gray",
                "name": "To Do"
              }
            },
            "priority": {
              "self": "https://nicholaswilcox.atlassian.net/rest/api/2/priority/3",
              "iconUrl": "https://nicholaswilcox.atlassian.net/images/icons/priorities/medium.svg",
              "name": "Medium",
              "id": "3"
            },
            "issuetype": {
              "self": "https://nicholaswilcox.atlassian.net/rest/api/2/issuetype/10002",
              "id": "10002",
              "description": "Epics track collections of related bugs, stories, and tasks.",
              "iconUrl": "https://nicholaswilcox.atlassian.net/rest/api/2/universal_avatar/view/type/issuetype/avatar/10307?size=medium",
              "name": "Epic",
              "subtask": false,
              "avatarId": 10307,
              "entityId": "ee4aae06-6f44-4dbd-a868-7d306b4e80ab",
              "hierarchyLevel": 1
            }
          }
        },
        "timespent": null,
        "sprint": null,
        "customfield_10030": null,
        "project": {
          "self": "https://nicholaswilcox.atlassian.net/rest/api/2/project/10000",
          "id": "10000",
          "key": "CRM",
          "name": "BDD Importer",
          "projectTypeKey": "software",
          "simplified": true,
          "avatarUrls": {
            "48x48": "https://nicholaswilcox.atlassian.net/rest/api/2/universal_avatar/view/type/project/avatar/10401",
            "24x24": "https://nicholaswilcox.atlassian.net/rest/api/2/universal_avatar/view/type/project/avatar/10401?size=small",
            "16x16": "https://nicholaswilcox.atlassian.net/rest/api/2/universal_avatar/view/type/project/avatar/10401?size=xsmall",
            "32x32": "https://nicholaswilcox.atlassian.net/rest/api/2/universal_avatar/view/type/project/avatar/10401?size=medium"
          }
        },
        "customfield_10031": null,
        "fixVersions": [],
        "customfield_10034": null,
        "aggregatetimespent": null,
        "resolution": null,
        "customfield_10035": null,
        "customfield_10036": null,
        "customfield_10027": null,
        "customfield_10028": null,
        "customfield_10029": null,
        "resolutiondate": null,
        "workratio": -1,
        "issuerestriction": {
          "issuerestrictions": {},
          "shouldDisplay": true
        },
        "lastViewed": null,
        "watches": {
          "self": "https://nicholaswilcox.atlassian.net/rest/api/2/issue/CRM-4/watchers",
          "watchCount": 1,
          "isWatching": true
        },
        "created": "2025-02-17T17:58:45.427-0800",
        "customfield_10020": null,
        "customfield_10021": null,
        "epic": null,
        "customfield_10022": null,
        "priority": {
          "self": "https://nicholaswilcox.atlassian.net/rest/api/2/priority/3",
          "iconUrl": "https://nicholaswilcox.atlassian.net/images/icons/priorities/medium.svg",
          "name": "Medium",
          "id": "3"
        },
        "customfield_10023": null,
        "customfield_10024": null,
        "customfield_10025": null,
        "customfield_10026": null,
        "labels": [],
        "customfield_10016": null,
        "customfield_10017": null,
        "customfield_10018": {
          "hasEpicLinkFieldDependency": false,
          "showField": false,
          "nonEditableReason": {
            "reason": "EPIC_LINK_SHOULD_BE_USED",
            "message": "To set an epic as the parent, use the epic link instead"
          }
        },
        "customfield_10019": "0|i0000f:",
        "timeestimate": null,
        "aggregatetimeoriginalestimate": null,
        "versions": [],
        "issuelinks": [],
        "assignee": null,
        "updated": "2025-02-17T17:58:45.821-0800",
        "status": {
          "self": "https://nicholaswilcox.atlassian.net/rest/api/2/status/10001",
          "description": "",
          "iconUrl": "https://nicholaswilcox.atlassian.net/",
          "name": "In Progress",
          "id": "10001",
          "statusCategory": {
            "self": "https://nicholaswilcox.atlassian.net/rest/api/2/statuscategory/4",
            "id": 4,
            "key": "indeterminate",
            "colorName": "yellow",
            "name": "In Progress"
          }
        },
        "components": [],
        "timeoriginalestimate": null,
        "description": "Implement logging of customer interactions.",
        "customfield_10010": null,
        "customfield_10014": null,
        "timetracking": {},
        "customfield_10015": null,
        "customfield_10005": null,
        "customfield_10006": null,
        "security": null,
        "customfield_10007": null,
        "customfield_10008": null,
        "customfield_10009": null,
        "aggregatetimeestimate": null,
        "attachment": [],
        "flagged": false,
        "summary": "(Sample) Log Customer Interactions",
        "creator": {
          "self": "https://nicholaswilcox.atlassian.net/rest/api/2/user?accountId=5bd3444a653a520f925aa5ca",
          "accountId": "5bd3444a653a520f925aa5ca",
          "emailAddress": "nicholas.wilcox@gmail.com",
          "avatarUrls": {
            "48x48": "https://secure.gravatar.com/avatar/5d2bc57dd5c37afc0927a13134457bc0?d=https%3A%2F%2Favatar-management--avatars.us-west-2.prod.public.atl-paas.net%2Finitials%2FNW-2.png",
            "24x24": "https://secure.gravatar.com/avatar/5d2bc57dd5c37afc0927a13134457bc0?d=https%3A%2F%2Favatar-management--avatars.us-west-2.prod.public.atl-paas.net%2Finitials%2FNW-2.png",
            "16x16": "https://secure.gravatar.com/avatar/5d2bc57dd5c37afc0927a13134457bc0?d=https%3A%2F%2Favatar-management--avatars.us-west-2.prod.public.atl-paas.net%2Finitials%2FNW-2.png",
            "32x32": "https://secure.gravatar.com/avatar/5d2bc57dd5c37afc0927a13134457bc0?d=https%3A%2F%2Favatar-management--avatars.us-west-2.prod.public.atl-paas.net%2Finitials%2FNW-2.png"
          },
          "displayName": "Nicholas Wilcox",
          "active": true,
          "timeZone": "America/Los_Angeles",
          "accountType": "atlassian"
        },
        "subtasks": [],
        "reporter": {
          "self": "https://nicholaswilcox.atlassian.net/rest/api/2/user?accountId=5bd3444a653a520f925aa5ca",
          "accountId": "5bd3444a653a520f925aa5ca",
          "emailAddress": "nicholas.wilcox@gmail.com",
          "avatarUrls": {
            "48x48": "https://secure.gravatar.com/avatar/5d2bc57dd5c37afc0927a13134457bc0?d=https%3A%2F%2Favatar-management--avatars.us-west-2.prod.public.atl-paas.net%2Finitials%2FNW-2.png",
            "24x24": "https://secure.gravatar.com/avatar/5d2bc57dd5c37afc0927a13134457bc0?d=https%3A%2F%2Favatar-management--avatars.us-west-2.prod.public.atl-paas.net%2Finitials%2FNW-2.png",
            "16x16": "https://secure.gravatar.com/avatar/5d2bc57dd5c37afc0927a13134457bc0?d=https%3A%2F%2Favatar-management--avatars.us-west-2.prod.public.atl-paas.net%2Finitials%2FNW-2.png",
            "32x32": "https://secure.gravatar.com/avatar/5d2bc57dd5c37afc0927a13134457bc0?d=https%3A%2F%2Favatar-management--avatars.us-west-2.prod.public.atl-paas.net%2Finitials%2FNW-2.png"
          },
          "displayName": "Nicholas Wilcox",
          "active": true,
          "timeZone": "America/Los_Angeles",
          "accountType": "atlassian"
        },
        "aggregateprogress": {
          "progress": 0,
          "total": 0
        },
        "customfield_10001": null,
        "customfield_10002": [],
        "customfield_10003": null,
        "customfield_10004": null,
        "environment": null,
        "duedate": null,
        "progress": {
          "progress": 0,
          "total": 0
        },
        "comment": {
          "comments": [],
          "self": "https://nicholaswilcox.atlassian.net/rest/api/2/issue/10002/comment",
          "maxResults": 0,
          "total": 0,
          "startAt": 0
        },
        "votes": {
          "self": "https://nicholaswilcox.atlassian.net/rest/api/2/issue/CRM-4/votes",
          "votes": 0,
          "hasVoted": false
        },
        "worklog": {
          "startAt": 0,
          "maxResults": 20,
          "total": 0,
          "worklogs": []
        }
      }
    },
    {
      "expand": "operations,versionedRepresentations,editmeta,changelog,renderedFields",
      "id": "10004",
      "self": "https://nicholaswilcox.atlassian.net/rest/agile/1.0/issue/10004",
      "key": "CRM-6",
      "fields": {
        "statuscategorychangedate": "2025-02-17T17:58:45.854-0800",
        "issuetype": {
          "self": "https://nicholaswilcox.atlassian.net/rest/api/2/issuetype/10001",
          "id": "10001",
          "description": "Tasks track small, distinct pieces of work.",
          "iconUrl": "https://nicholaswilcox.atlassian.net/rest/api/2/universal_avatar/view/type/issuetype/avatar/10318?size=medium",
          "name": "Task",
          "subtask": false,
          "avatarId": 10318,
          "entityId": "1a984bdc-4b31-4d89-a7ee-d7034fcde1c1",
          "hierarchyLevel": 0
        },
        "parent": {
          "id": "10001",
          "key": "CRM-1",
          "self": "https://nicholaswilcox.atlassian.net/rest/api/2/issue/10001",
          "fields": {
            "summary": "(Sample) Customer Interaction Tracking",
            "status": {
              "self": "https://nicholaswilcox.atlassian.net/rest/api/2/status/10000",
              "description": "",
              "iconUrl": "https://nicholaswilcox.atlassian.net/",
              "name": "To Do",
              "id": "10000",
              "statusCategory": {
                "self": "https://nicholaswilcox.atlassian.net/rest/api/2/statuscategory/2",
                "id": 2,
                "key": "new",
                "colorName": "blue-gray",
                "name": "To Do"
              }
            },
            "priority": {
              "self": "https://nicholaswilcox.atlassian.net/rest/api/2/priority/3",
              "iconUrl": "https://nicholaswilcox.atlassian.net/images/icons/priorities/medium.svg",
              "name": "Medium",
              "id": "3"
            },
            "issuetype": {
              "self": "https://nicholaswilcox.atlassian.net/rest/api/2/issuetype/10002",
              "id": "10002",
              "description": "Epics track collections of related bugs, stories, and tasks.",
              "iconUrl": "https://nicholaswilcox.atlassian.net/rest/api/2/universal_avatar/view/type/issuetype/avatar/10307?size=medium",
              "name": "Epic",
              "subtask": false,
              "avatarId": 10307,
              "entityId": "ee4aae06-6f44-4dbd-a868-7d306b4e80ab",
              "hierarchyLevel": 1
            }
          }
        },
        "timespent": null,
        "sprint": null,
        "customfield_10030": null,
        "project": {
          "self": "https://nicholaswilcox.atlassian.net/rest/api/2/project/10000",
          "id": "10000",
          "key": "CRM",
          "name": "BDD Importer",
          "projectTypeKey": "software",
          "simplified": true,
          "avatarUrls": {
            "48x48": "https://nicholaswilcox.atlassian.net/rest/api/2/universal_avatar/view/type/project/avatar/10401",
            "24x24": "https://nicholaswilcox.atlassian.net/rest/api/2/universal_avatar/view/type/project/avatar/10401?size=small",
            "16x16": "https://nicholaswilcox.atlassian.net/rest/api/2/universal_avatar/view/type/project/avatar/10401?size=xsmall",
            "32x32": "https://nicholaswilcox.atlassian.net/rest/api/2/universal_avatar/view/type/project/avatar/10401?size=medium"
          }
        },
        "customfield_10031": null,
        "fixVersions": [],
        "customfield_10034": null,
        "aggregatetimespent": null,
        "resolution": null,
        "customfield_10035": null,
        "customfield_10036": null,
        "customfield_10027": null,
        "customfield_10028": null,
        "customfield_10029": null,
        "resolutiondate": null,
        "workratio": -1,
        "issuerestriction": {
          "issuerestrictions": {},
          "shouldDisplay": true
        },
        "lastViewed": "2025-02-17T18:21:02.460-0800",
        "watches": {
          "self": "https://nicholaswilcox.atlassian.net/rest/api/2/issue/CRM-6/watchers",
          "watchCount": 1,
          "isWatching": true
        },
        "created": "2025-02-17T17:58:45.432-0800",
        "customfield_10020": null,
        "customfield_10021": null,
        "epic": null,
        "customfield_10022": null,
        "priority": {
          "self": "https://nicholaswilcox.atlassian.net/rest/api/2/priority/3",
          "iconUrl": "https://nicholaswilcox.atlassian.net/images/icons/priorities/medium.svg",
          "name": "Medium",
          "id": "3"
        },
        "customfield_10023": null,
        "customfield_10024": null,
        "customfield_10025": null,
        "customfield_10026": null,
        "labels": [],
        "customfield_10016": null,
        "customfield_10017": null,
        "customfield_10018": {
          "hasEpicLinkFieldDependency": false,
          "showField": false,
          "nonEditableReason": {
            "reason": "EPIC_LINK_SHOULD_BE_USED",
            "message": "To set an epic as the parent, use the epic link instead"
          }
        },
        "customfield_10019": "0|i0000n:",
        "timeestimate": null,
        "aggregatetimeoriginalestimate": null,
        "versions": [],
        "issuelinks": [],
        "assignee": null,
        "updated": "2025-02-17T17:58:45.916-0800",
        "status": {
          "self": "https://nicholaswilcox.atlassian.net/rest/api/2/status/10000",
          "description": "",
          "iconUrl": "https://nicholaswilcox.atlassian.net/",
          "name": "To Do",
          "id": "10000",
          "statusCategory": {
            "self": "https://nicholaswilcox.atlassian.net/rest/api/2/statuscategory/2",
            "id": 2,
            "key": "new",
            "colorName": "blue-gray",
            "name": "To Do"
          }
        },
        "components": [],
        "timeoriginalestimate": null,
        "description": "Develop reporting functionality for customer interactions.",
        "customfield_10010": null,
        "customfield_10014": null,
        "timetracking": {},
        "customfield_10015": null,
        "customfield_10005": null,
        "customfield_10006": null,
        "security": null,
        "customfield_10007": null,
        "customfield_10008": null,
        "customfield_10009": null,
        "aggregatetimeestimate": null,
        "attachment": [],
        "flagged": false,
        "summary": "(Sample) Generate Interaction Reports",
        "creator": {
          "self": "https://nicholaswilcox.atlassian.net/rest/api/2/user?accountId=5bd3444a653a520f925aa5ca",
          "accountId": "5bd3444a653a520f925aa5ca",
          "emailAddress": "nicholas.wilcox@gmail.com",
          "avatarUrls": {
            "48x48": "https://secure.gravatar.com/avatar/5d2bc57dd5c37afc0927a13134457bc0?d=https%3A%2F%2Favatar-management--avatars.us-west-2.prod.public.atl-paas.net%2Finitials%2FNW-2.png",
            "24x24": "https://secure.gravatar.com/avatar/5d2bc57dd5c37afc0927a13134457bc0?d=https%3A%2F%2Favatar-management--avatars.us-west-2.prod.public.atl-paas.net%2Finitials%2FNW-2.png",
            "16x16": "https://secure.gravatar.com/avatar/5d2bc57dd5c37afc0927a13134457bc0?d=https%3A%2F%2Favatar-management--avatars.us-west-2.prod.public.atl-paas.net%2Finitials%2FNW-2.png",
            "32x32": "https://secure.gravatar.com/avatar/5d2bc57dd5c37afc0927a13134457bc0?d=https%3A%2F%2Favatar-management--avatars.us-west-2.prod.public.atl-paas.net%2Finitials%2FNW-2.png"
          },
          "displayName": "Nicholas Wilcox",
          "active": true,
          "timeZone": "America/Los_Angeles",
          "accountType": "atlassian"
        },
        "subtasks": [],
        "reporter": {
          "self": "https://nicholaswilcox.atlassian.net/rest/api/2/user?accountId=5bd3444a653a520f925aa5ca",
          "accountId": "5bd3444a653a520f925aa5ca",
          "emailAddress": "nicholas.wilcox@gmail.com",
          "avatarUrls": {
            "48x48": "https://secure.gravatar.com/avatar/5d2bc57dd5c37afc0927a13134457bc0?d=https%3A%2F%2Favatar-management--avatars.us-west-2.prod.public.atl-paas.net%2Finitials%2FNW-2.png",
            "24x24": "https://secure.gravatar.com/avatar/5d2bc57dd5c37afc0927a13134457bc0?d=https%3A%2F%2Favatar-management--avatars.us-west-2.prod.public.atl-paas.net%2Finitials%2FNW-2.png",
            "16x16": "https://secure.gravatar.com/avatar/5d2bc57dd5c37afc0927a13134457bc0?d=https%3A%2F%2Favatar-management--avatars.us-west-2.prod.public.atl-paas.net%2Finitials%2FNW-2.png",
            "32x32": "https://secure.gravatar.com/avatar/5d2bc57dd5c37afc0927a13134457bc0?d=https%3A%2F%2Favatar-management--avatars.us-west-2.prod.public.atl-paas.net%2Finitials%2FNW-2.png"
          },
          "displayName": "Nicholas Wilcox",
          "active": true,
          "timeZone": "America/Los_Angeles",
          "accountType": "atlassian"
        },
        "aggregateprogress": {
          "progress": 0,
          "total": 0
        },
        "customfield_10001": null,
        "customfield_10002": [],
        "customfield_10003": null,
        "customfield_10004": null,
        "environment": null,
        "duedate": null,
        "progress": {
          "progress": 0,
          "total": 0
        },
        "votes": {
          "self": "https://nicholaswilcox.atlassian.net/rest/api/2/issue/CRM-6/votes",
          "votes": 0,
          "hasVoted": false
        },
        "comment": {
          "comments": [],
          "self": "https://nicholaswilcox.atlassian.net/rest/api/2/issue/10004/comment",
          "maxResults": 0,
          "total": 0,
          "startAt": 0
        },
        "worklog": {
          "startAt": 0,
          "maxResults": 20,
          "total": 0,
          "worklogs": []
        }
      }
    },
    {
      "expand": "operations,versionedRepresentations,editmeta,changelog,renderedFields",
      "id": "10005",
      "self": "https://nicholaswilcox.atlassian.net/rest/agile/1.0/issue/10005",
      "key": "CRM-5",
      "fields": {
        "statuscategorychangedate": "2025-02-17T17:58:45.930-0800",
        "issuetype": {
          "self": "https://nicholaswilcox.atlassian.net/rest/api/2/issuetype/10001",
          "id": "10001",
          "description": "Tasks track small, distinct pieces of work.",
          "iconUrl": "https://nicholaswilcox.atlassian.net/rest/api/2/universal_avatar/view/type/issuetype/avatar/10318?size=medium",
          "name": "Task",
          "subtask": false,
          "avatarId": 10318,
          "entityId": "1a984bdc-4b31-4d89-a7ee-d7034fcde1c1",
          "hierarchyLevel": 0
        },
        "parent": {
          "id": "10000",
          "key": "CRM-2",
          "self": "https://nicholaswilcox.atlassian.net/rest/api/2/issue/10000",
          "fields": {
            "summary": "(Sample) User Management",
            "status": {
              "self": "https://nicholaswilcox.atlassian.net/rest/api/2/status/10000",
              "description": "",
              "iconUrl": "https://nicholaswilcox.atlassian.net/",
              "name": "To Do",
              "id": "10000",
              "statusCategory": {
                "self": "https://nicholaswilcox.atlassian.net/rest/api/2/statuscategory/2",
                "id": 2,
                "key": "new",
                "colorName": "blue-gray",
                "name": "To Do"
              }
            },
            "priority": {
              "self": "https://nicholaswilcox.atlassian.net/rest/api/2/priority/3",
              "iconUrl": "https://nicholaswilcox.atlassian.net/images/icons/priorities/medium.svg",
              "name": "Medium",
              "id": "3"
            },
            "issuetype": {
              "self": "https://nicholaswilcox.atlassian.net/rest/api/2/issuetype/10002",
              "id": "10002",
              "description": "Epics track collections of related bugs, stories, and tasks.",
              "iconUrl": "https://nicholaswilcox.atlassian.net/rest/api/2/universal_avatar/view/type/issuetype/avatar/10307?size=medium",
              "name": "Epic",
              "subtask": false,
              "avatarId": 10307,
              "entityId": "ee4aae06-6f44-4dbd-a868-7d306b4e80ab",
              "hierarchyLevel": 1
            }
          }
        },
        "timespent": null,
        "sprint": null,
        "customfield_10030": null,
        "project": {
          "self": "https://nicholaswilcox.atlassian.net/rest/api/2/project/10000",
          "id": "10000",
          "key": "CRM",
          "name": "BDD Importer",
          "projectTypeKey": "software",
          "simplified": true,
          "avatarUrls": {
            "48x48": "https://nicholaswilcox.atlassian.net/rest/api/2/universal_avatar/view/type/project/avatar/10401",
            "24x24": "https://nicholaswilcox.atlassian.net/rest/api/2/universal_avatar/view/type/project/avatar/10401?size=small",
            "16x16": "https://nicholaswilcox.atlassian.net/rest/api/2/universal_avatar/view/type/project/avatar/10401?size=xsmall",
            "32x32": "https://nicholaswilcox.atlassian.net/rest/api/2/universal_avatar/view/type/project/avatar/10401?size=medium"
          }
        },
        "customfield_10031": null,
        "fixVersions": [],
        "customfield_10034": null,
        "aggregatetimespent": null,
        "resolution": null,
        "customfield_10035": null,
        "customfield_10036": null,
        "customfield_10027": null,
        "customfield_10028": null,
        "customfield_10029": null,
        "resolutiondate": null,
        "workratio": -1,
        "issuerestriction": {
          "issuerestrictions": {},
          "shouldDisplay": true
        },
        "lastViewed": null,
        "watches": {
          "self": "https://nicholaswilcox.atlassian.net/rest/api/2/issue/CRM-5/watchers",
          "watchCount": 1,
          "isWatching": true
        },
        "created": "2025-02-17T17:58:45.429-0800",
        "customfield_10020": null,
        "customfield_10021": null,
        "epic": null,
        "customfield_10022": null,
        "priority": {
          "self": "https://nicholaswilcox.atlassian.net/rest/api/2/priority/3",
          "iconUrl": "https://nicholaswilcox.atlassian.net/images/icons/priorities/medium.svg",
          "name": "Medium",
          "id": "3"
        },
        "customfield_10023": null,
        "customfield_10024": null,
        "customfield_10025": null,
        "customfield_10026": null,
        "labels": [],
        "customfield_10016": null,
        "customfield_10017": null,
        "customfield_10018": {
          "hasEpicLinkFieldDependency": false,
          "showField": false,
          "nonEditableReason": {
            "reason": "EPIC_LINK_SHOULD_BE_USED",
            "message": "To set an epic as the parent, use the epic link instead"
          }
        },
        "customfield_10019": "0|i0000v:",
        "timeestimate": null,
        "aggregatetimeoriginalestimate": null,
        "versions": [],
        "issuelinks": [],
        "assignee": null,
        "updated": "2025-02-17T17:58:45.930-0800",
        "status": {
          "self": "https://nicholaswilcox.atlassian.net/rest/api/2/status/10001",
          "description": "",
          "iconUrl": "https://nicholaswilcox.atlassian.net/",
          "name": "In Progress",
          "id": "10001",
          "statusCategory": {
            "self": "https://nicholaswilcox.atlassian.net/rest/api/2/statuscategory/4",
            "id": 4,
            "key": "indeterminate",
            "colorName": "yellow",
            "name": "In Progress"
          }
        },
        "components": [],
        "timeoriginalestimate": null,
        "description": "Create functionality for assigning roles to users.",
        "customfield_10010": null,
        "customfield_10014": null,
        "timetracking": {},
        "customfield_10015": null,
        "customfield_10005": null,
        "customfield_10006": null,
        "security": null,
        "customfield_10007": null,
        "customfield_10008": null,
        "customfield_10009": null,
        "aggregatetimeestimate": null,
        "attachment": [],
        "flagged": false,
        "summary": "(Sample) User Role Assignment",
        "creator": {
          "self": "https://nicholaswilcox.atlassian.net/rest/api/2/user?accountId=5bd3444a653a520f925aa5ca",
          "accountId": "5bd3444a653a520f925aa5ca",
          "emailAddress": "nicholas.wilcox@gmail.com",
          "avatarUrls": {
            "48x48": "https://secure.gravatar.com/avatar/5d2bc57dd5c37afc0927a13134457bc0?d=https%3A%2F%2Favatar-management--avatars.us-west-2.prod.public.atl-paas.net%2Finitials%2FNW-2.png",
            "24x24": "https://secure.gravatar.com/avatar/5d2bc57dd5c37afc0927a13134457bc0?d=https%3A%2F%2Favatar-management--avatars.us-west-2.prod.public.atl-paas.net%2Finitials%2FNW-2.png",
            "16x16": "https://secure.gravatar.com/avatar/5d2bc57dd5c37afc0927a13134457bc0?d=https%3A%2F%2Favatar-management--avatars.us-west-2.prod.public.atl-paas.net%2Finitials%2FNW-2.png",
            "32x32": "https://secure.gravatar.com/avatar/5d2bc57dd5c37afc0927a13134457bc0?d=https%3A%2F%2Favatar-management--avatars.us-west-2.prod.public.atl-paas.net%2Finitials%2FNW-2.png"
          },
          "displayName": "Nicholas Wilcox",
          "active": true,
          "timeZone": "America/Los_Angeles",
          "accountType": "atlassian"
        },
        "subtasks": [],
        "reporter": {
          "self": "https://nicholaswilcox.atlassian.net/rest/api/2/user?accountId=5bd3444a653a520f925aa5ca",
          "accountId": "5bd3444a653a520f925aa5ca",
          "emailAddress": "nicholas.wilcox@gmail.com",
          "avatarUrls": {
            "48x48": "https://secure.gravatar.com/avatar/5d2bc57dd5c37afc0927a13134457bc0?d=https%3A%2F%2Favatar-management--avatars.us-west-2.prod.public.atl-paas.net%2Finitials%2FNW-2.png",
            "24x24": "https://secure.gravatar.com/avatar/5d2bc57dd5c37afc0927a13134457bc0?d=https%3A%2F%2Favatar-management--avatars.us-west-2.prod.public.atl-paas.net%2Finitials%2FNW-2.png",
            "16x16": "https://secure.gravatar.com/avatar/5d2bc57dd5c37afc0927a13134457bc0?d=https%3A%2F%2Favatar-management--avatars.us-west-2.prod.public.atl-paas.net%2Finitials%2FNW-2.png",
            "32x32": "https://secure.gravatar.com/avatar/5d2bc57dd5c37afc0927a13134457bc0?d=https%3A%2F%2Favatar-management--avatars.us-west-2.prod.public.atl-paas.net%2Finitials%2FNW-2.png"
          },
          "displayName": "Nicholas Wilcox",
          "active": true,
          "timeZone": "America/Los_Angeles",
          "accountType": "atlassian"
        },
        "aggregateprogress": {
          "progress": 0,
          "total": 0
        },
        "customfield_10001": null,
        "customfield_10002": [],
        "customfield_10003": null,
        "customfield_10004": null,
        "environment": null,
        "duedate": null,
        "progress": {
          "progress": 0,
          "total": 0
        },
        "comment": {
          "comments": [],
          "self": "https://nicholaswilcox.atlassian.net/rest/api/2/issue/10005/comment",
          "maxResults": 0,
          "total": 0,
          "startAt": 0
        },
        "votes": {
          "self": "https://nicholaswilcox.atlassian.net/rest/api/2/issue/CRM-5/votes",
          "votes": 0,
          "hasVoted": false
        },
        "worklog": {
          "startAt": 0,
          "maxResults": 20,
          "total": 0,
          "worklogs": []
        }
      }
    }
  ]
}
[2025-02-20T14:13:33.102Z] [INFO] 📊 Total Jira issues extracted: 6
[2025-02-20T14:13:33.103Z] [INFO] ✅ AC for 6 issue(s) appended to /home/wilcoxn/workCode/BDD-importer/src/tests/crm.spec.ts.
[2025-02-20T14:13:33.104Z] [INFO] ✅ AC extraction complete!
